[0m04:16:46.348297 [debug] [MainThread]: Sending event: {'category': 'dbt', 'action': 'invocation', 'label': 'start', 'context': [<snowplow_tracker.self_describing_json.SelfDescribingJson object at 0x7fc52d7af520>, <snowplow_tracker.self_describing_json.SelfDescribingJson object at 0x7fc52bc15db0>, <snowplow_tracker.self_describing_json.SelfDescribingJson object at 0x7fc52bc15d50>]}


============================== 04:16:46.351800 | 4a66f391-5261-43a5-a1c5-7067bc533320 ==============================
[0m04:16:46.351800 [info ] [MainThread]: Running with dbt=1.7.8
[0m04:16:46.352543 [debug] [MainThread]: running dbt with arguments {'printer_width': '80', 'indirect_selection': 'eager', 'write_json': 'True', 'log_cache_events': 'False', 'partial_parse': 'True', 'cache_selected_only': 'False', 'profiles_dir': '/home/ubuntu/.dbt', 'debug': 'False', 'warn_error': 'None', 'log_path': 'logs', 'version_check': 'True', 'fail_fast': 'False', 'use_colors': 'True', 'use_experimental_parser': 'False', 'no_print': 'None', 'quiet': 'False', 'warn_error_options': 'WarnErrorOptions(include=[], exclude=[])', 'introspect': 'True', 'log_format': 'default', 'static_parser': 'True', 'target_path': 'None', 'invocation_command': 'dbt init DBT_practice', 'send_anonymous_usage_stats': 'True'}
[0m04:16:46.353646 [debug] [MainThread]: Starter project path: /home/ubuntu/dbt-env/lib/python3.10/site-packages/dbt/include/starter_project
[0m04:16:46.356559 [info ] [MainThread]: 
Your new dbt project "DBT_practice" was created!

For more information on how to configure the profiles.yml file,
please consult the dbt documentation here:

  https://docs.getdbt.com/docs/configure-your-profile

One more thing:

Need help? Don't hesitate to reach out to us via GitHub issues or on Slack:

  https://community.getdbt.com/

Happy modeling!

[0m04:16:46.357110 [info ] [MainThread]: Setting up your profile.
[0m04:18:29.757757 [info ] [MainThread]: Profile DBT_practice written to /home/ubuntu/.dbt/profiles.yml using target's profile_template.yml and your supplied values. Run 'dbt debug' to validate the connection.
[0m04:18:29.759101 [debug] [MainThread]: Resource report: {"command_name": "init", "command_success": true, "command_wall_clock_time": 103.47725, "process_user_time": 2.859851, "process_kernel_time": 0.116146, "process_mem_max_rss": "91236", "process_in_blocks": "8", "process_out_blocks": "80"}
[0m04:18:29.759945 [debug] [MainThread]: Command `dbt init` succeeded at 04:18:29.759741 after 103.48 seconds
[0m04:18:29.760501 [debug] [MainThread]: Sending event: {'category': 'dbt', 'action': 'invocation', 'label': 'end', 'context': [<snowplow_tracker.self_describing_json.SelfDescribingJson object at 0x7fc52d7af520>, <snowplow_tracker.self_describing_json.SelfDescribingJson object at 0x7fc52b946fe0>, <snowplow_tracker.self_describing_json.SelfDescribingJson object at 0x7fc52bc15f30>]}
[0m04:18:29.761094 [debug] [MainThread]: Flushing usage events
